[INFO ] 2024-05-18 19:11:03.876 [main] ReportManager - 
[0;7m------------------------------------------------------------------------------------------------------------------------------------------------
                                                    Powered by [1mSHAFT v.8.2.20240402[22m                                                    
------------------------------------------------------------------------------------------------------------------------------------------------
[0m
[INFO ] 2024-05-18 19:11:03.910 [] ReportManager - Checking for engine updates...
[INFO ] 2024-05-18 19:11:04.017 [] ReportManager - Initializing Allure Reporting Environment...
[INFO ] 2024-05-18 19:11:04.017 [] ReportManager - Initializing Summary Reporting Environment...
[INFO ] 2024-05-18 19:11:04.099 [main] ReportManager - TestNG run detected...
[INFO ] 2024-05-18 19:11:05.031 [main] Utils - [TestNG] Running:
  C:\Users\Qebaa\AppData\Local\JetBrains\IdeaIC2022.3\temp-testng-customsuite.xml

[INFO ] 2024-05-18 19:11:05.157 [main] ReportManager - 
[0;7m------------------------------------------------------------------------------------------------------------------------------------------------
                                             Starting execution of suite setup configuration method                                             
                                          'com.shaft.listeners.internal.ConfigurationHelper.suiteSetup'                                          
------------------------------------------------------------------------------------------------------------------------------------------------
[0m
[INFO ] 2024-05-18 19:11:05.370 [main] ReportManager - Initializing Important Links...
[INFO ] 2024-05-18 19:11:05.442 [main] ReportManager - Initializing Properties...
[INFO ] 2024-05-18 19:11:06.048 [main] ReportManager - 
[0;7m------------------------------------------------------------------------------------------------------------------------------------------------
                                            Starting execution of before method configuration method                                            
                                                      'DataSets.DataSetsTests.beforeMethod'                                                      
------------------------------------------------------------------------------------------------------------------------------------------------
[0m
[INFO ] 2024-05-18 19:11:07.100 [main] ReportManager - https://cloud.dify.ai/console/api
[INFO ] 2024-05-18 19:11:07.791 [main] ReportManager - 
[0;7m------------------------------------------------------------------------------------------------------------------------------------------------
                                        Starting Execution: '1 out of 1' test cases in the current suite                                        
                                               Test Method: 'DataSets.DataSetsTests.EmptyDataset'                                               
------------------------------------------------------------------------------------------------------------------------------------------------
[0m
[INFO ] 2024-05-18 19:11:08.362 [] ReportManager - Loaded OpenCV "opencv_java490".
[DEBUG] 2024-05-18 19:11:10.753 [main] cache - Couldn't find template in cache for "http-request.ftl"("en_US", UTF-8, parsed); will try to load it.
[DEBUG] 2024-05-18 19:11:10.757 [main] cache - TemplateLoader.findTemplateSource("http-request.ftl"): Found
[DEBUG] 2024-05-18 19:11:10.763 [main] cache - Loading template for "http-request.ftl"("en_US", UTF-8, parsed) from "jar:file:/C:/Users/Qebaa/.m2/repository/io/qameta/allure/allure-attachments/2.26.0/allure-attachments-2.26.0.jar!/tpl/http-request.ftl"
[DEBUG] 2024-05-18 19:11:11.677 [] BasicClientConnectionManager - Get connection for route {s}->https://api.github.com:443
[DEBUG] 2024-05-18 19:11:11.731 [main] BasicClientConnectionManager - Get connection for route {s}->https://cloud.dify.ai:443
[DEBUG] 2024-05-18 19:11:11.819 [] DefaultClientConnectionOperator - Connecting to api.github.com:443
[DEBUG] 2024-05-18 19:11:14.903 [main] DefaultClientConnectionOperator - Connecting to cloud.dify.ai:443
[DEBUG] 2024-05-18 19:11:15.218 [main] RequestAddCookies - CookieSpec selected: ignoreCookies
[DEBUG] 2024-05-18 19:11:15.221 [main] RequestAuthCache - Auth cache not set in the context
[DEBUG] 2024-05-18 19:11:15.221 [main] RequestProxyAuthentication - Proxy auth state: UNCHALLENGED
[DEBUG] 2024-05-18 19:11:15.222 [main] DefaultClientConnection - Sending request: POST /console/api/datasets HTTP/1.1
[DEBUG] 2024-05-18 19:11:15.223 [main] wire -  >> "POST /console/api/datasets HTTP/1.1[\r][\n]"
[DEBUG] 2024-05-18 19:11:15.225 [main] wire -  >> "Authorization: Bearer eyJhbGciOiJIUzI1NiIsInR5cCI6IkpXVCJ9.eyJ1c2VyX2lkIjoiOGY0MjViZjUtMzE1Ni00Yjk1LWE4MTQtNzQwMTZjOWMwMWU0IiwiZXhwIjoxNzE3NTAyODQ4LCJpc3MiOiJDTE9VRCIsInN1YiI6IkNvbnNvbGUgQVBJIFBhc3Nwb3J0In0.QWhNnH_PhenP1lnVHqHQZ_qIvPVTBdCHYpv7SJ5QWx0[\r][\n]"
[DEBUG] 2024-05-18 19:11:15.225 [main] wire -  >> "Accept: */*[\r][\n]"
[DEBUG] 2024-05-18 19:11:15.226 [main] wire -  >> "Content-Type: application/json; charset=UTF-8[\r][\n]"
[DEBUG] 2024-05-18 19:11:15.226 [main] wire -  >> "Content-Length: 13[\r][\n]"
[DEBUG] 2024-05-18 19:11:15.226 [main] wire -  >> "Host: cloud.dify.ai[\r][\n]"
[DEBUG] 2024-05-18 19:11:15.226 [main] wire -  >> "Connection: Keep-Alive[\r][\n]"
[DEBUG] 2024-05-18 19:11:15.226 [main] wire -  >> "User-Agent: Apache-HttpClient/4.5.13 (Java/21.0.3)[\r][\n]"
[DEBUG] 2024-05-18 19:11:15.226 [main] wire -  >> "Accept-Encoding: gzip,deflate[\r][\n]"
[DEBUG] 2024-05-18 19:11:15.226 [main] wire -  >> "[\r][\n]"
[DEBUG] 2024-05-18 19:11:15.227 [main] headers - >> POST /console/api/datasets HTTP/1.1
[DEBUG] 2024-05-18 19:11:15.227 [main] headers - >> Authorization: Bearer eyJhbGciOiJIUzI1NiIsInR5cCI6IkpXVCJ9.eyJ1c2VyX2lkIjoiOGY0MjViZjUtMzE1Ni00Yjk1LWE4MTQtNzQwMTZjOWMwMWU0IiwiZXhwIjoxNzE3NTAyODQ4LCJpc3MiOiJDTE9VRCIsInN1YiI6IkNvbnNvbGUgQVBJIFBhc3Nwb3J0In0.QWhNnH_PhenP1lnVHqHQZ_qIvPVTBdCHYpv7SJ5QWx0
[DEBUG] 2024-05-18 19:11:15.227 [main] headers - >> Accept: */*
[DEBUG] 2024-05-18 19:11:15.227 [main] headers - >> Content-Type: application/json; charset=UTF-8
[DEBUG] 2024-05-18 19:11:15.227 [main] headers - >> Content-Length: 13
[DEBUG] 2024-05-18 19:11:15.227 [main] headers - >> Host: cloud.dify.ai
[DEBUG] 2024-05-18 19:11:15.227 [main] headers - >> Connection: Keep-Alive
[DEBUG] 2024-05-18 19:11:15.228 [main] headers - >> User-Agent: Apache-HttpClient/4.5.13 (Java/21.0.3)
[DEBUG] 2024-05-18 19:11:15.228 [main] headers - >> Accept-Encoding: gzip,deflate
[DEBUG] 2024-05-18 19:11:15.228 [main] wire -  >> "{"name":"HI"}"
[DEBUG] 2024-05-18 19:11:15.425 [] RequestAddCookies - CookieSpec selected: ignoreCookies
[DEBUG] 2024-05-18 19:11:15.425 [] RequestAuthCache - Auth cache not set in the context
[DEBUG] 2024-05-18 19:11:15.426 [] RequestTargetAuthentication - Target auth state: UNCHALLENGED
[DEBUG] 2024-05-18 19:11:15.426 [] RequestProxyAuthentication - Proxy auth state: UNCHALLENGED
[DEBUG] 2024-05-18 19:11:15.426 [] DefaultClientConnection - Sending request: GET /repos/ShaftHQ/SHAFT_ENGINE/releases/latest HTTP/1.1
[DEBUG] 2024-05-18 19:11:15.426 [] wire -  >> "GET /repos/ShaftHQ/SHAFT_ENGINE/releases/latest HTTP/1.1[\r][\n]"
[DEBUG] 2024-05-18 19:11:15.426 [] wire -  >> "Accept: */*[\r][\n]"
[DEBUG] 2024-05-18 19:11:15.427 [] wire -  >> "Host: api.github.com[\r][\n]"
[DEBUG] 2024-05-18 19:11:15.427 [] wire -  >> "Connection: Keep-Alive[\r][\n]"
[DEBUG] 2024-05-18 19:11:15.428 [] wire -  >> "User-Agent: Apache-HttpClient/4.5.13 (Java/21.0.3)[\r][\n]"
[DEBUG] 2024-05-18 19:11:15.428 [] wire -  >> "Accept-Encoding: gzip,deflate[\r][\n]"
[DEBUG] 2024-05-18 19:11:15.428 [] wire -  >> "[\r][\n]"
[DEBUG] 2024-05-18 19:11:15.428 [] headers - >> GET /repos/ShaftHQ/SHAFT_ENGINE/releases/latest HTTP/1.1
[DEBUG] 2024-05-18 19:11:15.428 [] headers - >> Accept: */*
[DEBUG] 2024-05-18 19:11:15.428 [] headers - >> Host: api.github.com
[DEBUG] 2024-05-18 19:11:15.429 [] headers - >> Connection: Keep-Alive
[DEBUG] 2024-05-18 19:11:15.429 [] headers - >> User-Agent: Apache-HttpClient/4.5.13 (Java/21.0.3)
[DEBUG] 2024-05-18 19:11:15.429 [] headers - >> Accept-Encoding: gzip,deflate
[DEBUG] 2024-05-18 19:11:15.675 [] wire -  << "HTTP/1.1 200 OK[\r][\n]"
[DEBUG] 2024-05-18 19:11:15.679 [] wire -  << "Server: GitHub.com[\r][\n]"
[DEBUG] 2024-05-18 19:11:15.680 [] wire -  << "Date: Sat, 18 May 2024 16:11:15 GMT[\r][\n]"
[DEBUG] 2024-05-18 19:11:15.680 [] wire -  << "Content-Type: application/json; charset=utf-8[\r][\n]"
[DEBUG] 2024-05-18 19:11:15.680 [] wire -  << "Cache-Control: public, max-age=60, s-maxage=60[\r][\n]"
[DEBUG] 2024-05-18 19:11:15.680 [] wire -  << "Vary: Accept, Accept-Encoding, Accept, X-Requested-With[\r][\n]"
[DEBUG] 2024-05-18 19:11:15.680 [] wire -  << "ETag: W/"eb81a86056557e148808d85149dd270fcf7bb270ab393ed3ad576696057fe6ff"[\r][\n]"
[DEBUG] 2024-05-18 19:11:15.681 [] wire -  << "Last-Modified: Thu, 11 Apr 2024 15:11:51 GMT[\r][\n]"
[DEBUG] 2024-05-18 19:11:15.681 [] wire -  << "X-GitHub-Media-Type: github.v3; format=json[\r][\n]"
[DEBUG] 2024-05-18 19:11:15.681 [] wire -  << "x-github-api-version-selected: 2022-11-28[\r][\n]"
[DEBUG] 2024-05-18 19:11:15.681 [] wire -  << "Access-Control-Expose-Headers: ETag, Link, Location, Retry-After, X-GitHub-OTP, X-RateLimit-Limit, X-RateLimit-Remaining, X-RateLimit-Used, X-RateLimit-Resource, X-RateLimit-Reset, X-OAuth-Scopes, X-Accepted-OAuth-Scopes, X-Poll-Interval, X-GitHub-Media-Type, X-GitHub-SSO, X-GitHub-Request-Id, Deprecation, Sunset[\r][\n]"
[DEBUG] 2024-05-18 19:11:15.681 [] wire -  << "Access-Control-Allow-Origin: *[\r][\n]"
[DEBUG] 2024-05-18 19:11:15.682 [] wire -  << "Strict-Transport-Security: max-age=31536000; includeSubdomains; preload[\r][\n]"
[DEBUG] 2024-05-18 19:11:15.682 [] wire -  << "X-Frame-Options: deny[\r][\n]"
[DEBUG] 2024-05-18 19:11:15.682 [] wire -  << "X-Content-Type-Options: nosniff[\r][\n]"
[DEBUG] 2024-05-18 19:11:15.682 [] wire -  << "X-XSS-Protection: 0[\r][\n]"
[DEBUG] 2024-05-18 19:11:15.682 [] wire -  << "Referrer-Policy: origin-when-cross-origin, strict-origin-when-cross-origin[\r][\n]"
[DEBUG] 2024-05-18 19:11:15.682 [] wire -  << "Content-Security-Policy: default-src 'none'[\r][\n]"
[DEBUG] 2024-05-18 19:11:15.682 [] wire -  << "Content-Encoding: gzip[\r][\n]"
[DEBUG] 2024-05-18 19:11:15.683 [] wire -  << "X-RateLimit-Limit: 60[\r][\n]"
[DEBUG] 2024-05-18 19:11:15.683 [] wire -  << "X-RateLimit-Remaining: 56[\r][\n]"
[DEBUG] 2024-05-18 19:11:15.683 [] wire -  << "X-RateLimit-Reset: 1716050509[\r][\n]"
[DEBUG] 2024-05-18 19:11:15.683 [] wire -  << "X-RateLimit-Resource: core[\r][\n]"
[DEBUG] 2024-05-18 19:11:15.683 [] wire -  << "X-RateLimit-Used: 4[\r][\n]"
[DEBUG] 2024-05-18 19:11:15.683 [] wire -  << "Accept-Ranges: bytes[\r][\n]"
[DEBUG] 2024-05-18 19:11:15.683 [] wire -  << "Content-Length: 981[\r][\n]"
[DEBUG] 2024-05-18 19:11:15.684 [] wire -  << "X-GitHub-Request-Id: 21D9:0EC8:1CA93DCB:1CD116CC:6648D320[\r][\n]"
[DEBUG] 2024-05-18 19:11:15.684 [] wire -  << "[\r][\n]"
[DEBUG] 2024-05-18 19:11:15.686 [] DefaultClientConnection - Receiving response: HTTP/1.1 200 OK
[DEBUG] 2024-05-18 19:11:15.686 [] headers - << HTTP/1.1 200 OK
[DEBUG] 2024-05-18 19:11:15.686 [] headers - << Server: GitHub.com
[DEBUG] 2024-05-18 19:11:15.686 [] headers - << Date: Sat, 18 May 2024 16:11:15 GMT
[DEBUG] 2024-05-18 19:11:15.686 [] headers - << Content-Type: application/json; charset=utf-8
[DEBUG] 2024-05-18 19:11:15.686 [] headers - << Cache-Control: public, max-age=60, s-maxage=60
[DEBUG] 2024-05-18 19:11:15.686 [] headers - << Vary: Accept, Accept-Encoding, Accept, X-Requested-With
[DEBUG] 2024-05-18 19:11:15.686 [] headers - << ETag: W/"eb81a86056557e148808d85149dd270fcf7bb270ab393ed3ad576696057fe6ff"
[DEBUG] 2024-05-18 19:11:15.686 [] headers - << Last-Modified: Thu, 11 Apr 2024 15:11:51 GMT
[DEBUG] 2024-05-18 19:11:15.686 [] headers - << X-GitHub-Media-Type: github.v3; format=json
[DEBUG] 2024-05-18 19:11:15.686 [] headers - << x-github-api-version-selected: 2022-11-28
[DEBUG] 2024-05-18 19:11:15.687 [] headers - << Access-Control-Expose-Headers: ETag, Link, Location, Retry-After, X-GitHub-OTP, X-RateLimit-Limit, X-RateLimit-Remaining, X-RateLimit-Used, X-RateLimit-Resource, X-RateLimit-Reset, X-OAuth-Scopes, X-Accepted-OAuth-Scopes, X-Poll-Interval, X-GitHub-Media-Type, X-GitHub-SSO, X-GitHub-Request-Id, Deprecation, Sunset
[DEBUG] 2024-05-18 19:11:15.687 [] headers - << Access-Control-Allow-Origin: *
[DEBUG] 2024-05-18 19:11:15.687 [] headers - << Strict-Transport-Security: max-age=31536000; includeSubdomains; preload
[DEBUG] 2024-05-18 19:11:15.687 [] headers - << X-Frame-Options: deny
[DEBUG] 2024-05-18 19:11:15.687 [] headers - << X-Content-Type-Options: nosniff
[DEBUG] 2024-05-18 19:11:15.687 [] headers - << X-XSS-Protection: 0
[DEBUG] 2024-05-18 19:11:15.687 [] headers - << Referrer-Policy: origin-when-cross-origin, strict-origin-when-cross-origin
[DEBUG] 2024-05-18 19:11:15.687 [] headers - << Content-Security-Policy: default-src 'none'
[DEBUG] 2024-05-18 19:11:15.687 [] headers - << Content-Encoding: gzip
[DEBUG] 2024-05-18 19:11:15.687 [] headers - << X-RateLimit-Limit: 60
[DEBUG] 2024-05-18 19:11:15.687 [] headers - << X-RateLimit-Remaining: 56
[DEBUG] 2024-05-18 19:11:15.688 [] headers - << X-RateLimit-Reset: 1716050509
[DEBUG] 2024-05-18 19:11:15.688 [] headers - << X-RateLimit-Resource: core
[DEBUG] 2024-05-18 19:11:15.688 [] headers - << X-RateLimit-Used: 4
[DEBUG] 2024-05-18 19:11:15.688 [] headers - << Accept-Ranges: bytes
[DEBUG] 2024-05-18 19:11:15.688 [] headers - << Content-Length: 981
[DEBUG] 2024-05-18 19:11:15.688 [] headers - << X-GitHub-Request-Id: 21D9:0EC8:1CA93DCB:1CD116CC:6648D320
[DEBUG] 2024-05-18 19:11:15.717 [] RestAssuredHttpBuilder - Parsing response as: application/json; charset=utf-8
[DEBUG] 2024-05-18 19:11:15.718 [] wire -  << "[0x1f][0x8b][0x8][0x0][0x0][0x0][0x0][0x0][0x0][0x3][0xad][0x96][0x8f]k[0xdb]8[0x14][0xc7][0xff][0x15][0xe3]1[0xe]B#[0xc7][0xce][0xcf][0x1a][0xc6][0xee][0xba][0xb4][[0xe1][0xda][0xb2][[0xd9][0xc1][0xed]F[0x90][0xed][0x17][[0x9b],i[0x92][0x9c]^[0x16][0xfa][0xbf][0xdf][0x93]"
[DEBUG] 2024-05-18 19:11:15.720 [] wire -  << "[0xed][0x86][0xc4][0xdc][0xa5]c[0x9][0x81]Dv[0xa4][0xcf]{z?[0xbe][0xd2][0xc6][0xaf]4[0xf7]c[0xbf][0xb0]V[0x99]8[0x8][0xa8]b$g[0xb6][0xa8][0x12][0x92][0xca]2[0xd0][0xa0][0xa4][0x9]>[0x14]ti[0xdf][0xbd][0xf]>[0xbc][0xfb][0xed][0xea]~qy[0xfb][0xf6][0xfa][0xf6][0x12][0xff][0xe2]@[\r][0x98] [0x1c][0xf][0xa6][0xd3]Y[0x14]N[0xfd]3[0x9f][0x1a][0x3][0xd6],N[0xc7][0xc][0x1a]"[0xa2]+[0xc5]%[0xcd]:[0xe8][0xe6][0xa5][0xf9]i[0x97][[0xfc][0xe6][0xb5][0xa0]%[0x9c]q[0x9a][0x0]D[[0x85]-y[0xc7][0xd2]NP[0xe][0x87][0xc3][0xd2]<[0x98][0x91][0x88]D[0x83]h4[0x18][0x85]![0xe2]X[0xe6][0xc7][0xdb](a[0x90]*[H[0xed][0xc7][0x1b][0x9f][0xcb][0x9c][0x9][0x8c]~[0x3][0xef][0xd3][0xd4]2)[0xcc][0xa7]D[0xda][0xcf][0xed][0xb2]Q8;[0x9f]E[0xb3][0xe8][0xcc][0x17]2[0x83][0x85]#[0xf9]7[0xf3][0x9b][0xc9][0xfb][0xf2]|p;[0xbf][0x1c][0xdd][0xdd][0xe7][0xeb][0xbb][0xf9][0xf5]+[0x17][0xfb][0x15][0xb5]Twc_[0xbf]|[\n]"
[DEBUG] 2024-05-18 19:11:15.720 [] wire -  << "Pe@[0xa7]RX[0x10][0xb6]N/[0x13][0x98][0xbd][0xe1]d[0xf6]z[0xf5]j[0x84][0x84]\[0xb7][0x8c][0xda][0x8c][0x8b][0xf9][0xa1][0xda]p0[0x13][0xec][0xbb][0xfe]r|[0x81][0xce][0xbf][0x1c][0xcf][0x9f][\r]"U[0xaa][0xbb][0x18][0xd7],%[0xe7][0xf2][0x1][0xb9][0xdd]m[0xec][0x97][0xe5]A[0xd3][0xc1][0x16][0xb2][0x5]2[0x91][0x1f][0xf]D[0xc8]&[0x90][0xb6][0x0][0x8c]1n[0xdd][0xd5]I[0xce][0xcc]s[0xd5]~[0xd8][0xd5][0x1a][0xb0][0xc1] [0x1a][0x8b][0xb9]uH[0x83][0xe9][0xd2][0xd0][0xad][0xf3]N[[0x1e][0x86][0xb6][0x8]t[0xf6]A[0xa0][0x9f][0x9b][0xba][0x8b]kv[0x95][0x98]T3UW[0xd9]1[0x1][0xd9][0x3]!X[0xea][0x9c][\n]"
[DEBUG] 2024-05-18 19:11:15.720 [] wire -  << "[0xf6][0x9d][0x1e][\r]F[0x90]A^-;[0xc7]8X[0x3][0x10][0x4]+,[0xf5][0xa3]H[\r]a[0x13]([0xcd]V4][0xbb]0jH[0x81][0xad]0G[0xc7][0xd3];([0x84][0xdb][0xb5][0x2]l[0xbe][0xb]i][0xc2][0x98][0x85][0x5][0xcd]J'[0x12]K[0xca][\r]<[0xee][0xea][0xc0][0x1f][0x97][0x8b][0xaf][0xf][0xf3][0xbb]7o[0xe1]~bF[0xd7][0x8b][0xdf][0xaf][0x94][0x3][0xd0]|[0xe1][0xd4][0xc]![0x1d][0x19][0xc2][0xca][0xca][0xc1].[0xb0][0xf1]Kf[0x99])pFI[0x11][0x8d][0xcc][0xff][0x9c][0x9f]i[0x94][0xfd][0xd6][0xf0][0x99][0xaf]4[0xb4][0x92][0xbf]}[0x95]j[0xa0][0x16][0xe3]@q[0x96][0xef][0xf4][0xae]?[0x18][0xf5][0xc3][0xf0]>[0x1c][0xc7]a[0x18]G[0xc3][0xbf][0x10][0xad][0xaa][0x84][0xa3][0xad][0xff][0x9d]5[0xe][0xdd][0xac]V[0xe5][0xe3]O[0x9f][0xdd][0x6]tByW[0xfc]`j[0xd7]wE[0xf8];SGa[0xdb][0xf5]]l"[0xb3]5[0xee][0xfe][0xc5][0xb][0xef][0xcf][0x82][0xda]_[0x8c][0xf7][0xa6][0xa0]"[0x87][0xec]o[0xd1][0xf3].[0xaa]Ry[0x18]n[0x92]K[0x99]s [0xa9]^++[0x89]e[0xe2]k[0xec][0xbe][0xbc][0xa5][0x96][0xa5][0x17][0x92]0"[0x3][0xcf]J7[0x1a][0xe2](Y{[0xbf]f[0xa0]@d[0x14][0xc5][0xd4]c[0xc2]{:[0x9d][0x9f];[0x84]T[0xc5]9*[0xfa]l[0xe0][0xac]W[\n]"
[DEBUG] 2024-05-18 19:11:15.720 [] wire -  << "[0xf5]<[0x3][0x7]N[0xb1][0xb]4[0xe5][0x9e][0x91][0x82][0xba][0x2]k[0xc]s[0xc8][0xb1][0xa2]=iLm[0xf2]F[0x16]4[0xc1]/[0x6]?c2[0xdc]n[0x18]{[0x98]PE[0xd3][0x2]HI[0xb1][0xff][0x88][0xe2][0x15][0x1e]s&[0xae][0x9f][0xfa]FV:[0x85]~[0xf3][0xb2]qdH[0xdc][0xb6][0xd1]O7[0x8]O[0xb0][0xff][0xe1][0xd6][0x19]&[0x9f][0xee][0x6][0x89][0x14],[0xa7]:e4~[0x80]$[0xc3]v[0x6]]RAs[0xd0][0x8d][0x17]c2m[0xbc][0x18][0x93][0xd9]I[0xb2][0x10][0xed][0xd5]@[0xc9]R-[0x8d]\Zb[0xbe]a'k4[0x1f][0x97][0x6][0xc7][0xfd]/Y[0x92][0xb6][0xa5][0x10][0x91][0x9][0x9][0xc9][0x17][\r]aX[0x17]D[0xe4]|j[0x9e][0xfb][0xd8][0x80]+[0x6][0xf]'[0x8][0xcf]h/W[0x16][0x8c][0x15]y[0xdc][0xfc]4~L[0xc9]y[0x13][0x8a])[0x9][0x7]'[0xc9][0xc8]t7#[0xdf]Pn,%[0xd8][0xe4][0x95][0x86][0xb8][0xf9][0xe9]'[0xd8][\n]"
[DEBUG] 2024-05-18 19:11:15.721 [] wire -  << "u?[0xe0][0xd5]i[0xd2]X[0xc7][0x91]K[0xc9][0xf1][0xfd]0q[0xd6][0xaf][0xd8]?[0xde]Gf*[0xca]?R[0xce][0xb2][0xe6][0xb0][0xf2][0x98]1[0x15][0x9c][0xa0][0xfe][0xcf][0x9d][0x89]][0xc1]=[0x9e]y[0x8e]=[0xe5]>[0xbd][0xde][0x15][0xf6]u+,xe[0xec][0xf5][0xe2][0x1f]V[0x4]T[0x1f]E5[0xec][0xa8][0xd6] "[0x4][0xb]|[0xef][0x82]Z[0xa2]>[0xd4]w[0x82]TV[0x2][0xc5]<z[0xfc][0x17][0x13][0xa2]n*[0x18][0xc][0x0][0x0]"
[DEBUG] 2024-05-18 19:11:15.721 [] RestAssuredHttpBuilder - Parsed data to instance of: class org.apache.http.conn.EofSensorInputStream
[DEBUG] 2024-05-18 19:11:15.898 [] BasicClientConnectionManager - Releasing connection org.apache.http.impl.conn.ManagedClientConnectionImpl@254d5adc
[DEBUG] 2024-05-18 19:11:15.898 [] BasicClientConnectionManager - Connection can be kept alive indefinitely
[DEBUG] 2024-05-18 19:11:16.202 [main] wire -  << "HTTP/1.1 201 Created[\r][\n]"
[DEBUG] 2024-05-18 19:11:16.203 [main] wire -  << "Date: Sat, 18 May 2024 16:11:16 GMT[\r][\n]"
[DEBUG] 2024-05-18 19:11:16.203 [main] wire -  << "Content-Type: application/json[\r][\n]"
[DEBUG] 2024-05-18 19:11:16.203 [main] wire -  << "Content-Length: 737[\r][\n]"
[DEBUG] 2024-05-18 19:11:16.203 [main] wire -  << "Connection: keep-alive[\r][\n]"
[DEBUG] 2024-05-18 19:11:16.203 [main] wire -  << "Access-Control-Allow-Credentials: true[\r][\n]"
[DEBUG] 2024-05-18 19:11:16.203 [main] wire -  << "Access-Control-Allow-Origin: https://cloud.dify.ai[\r][\n]"
[DEBUG] 2024-05-18 19:11:16.203 [main] wire -  << "Access-Control-Expose-Headers: X-Env, X-Version[\r][\n]"
[DEBUG] 2024-05-18 19:11:16.204 [main] wire -  << "Set-Cookie: remember_token=; Expires=Thu, 01 Jan 1970 00:00:00 GMT; Path=/[\r][\n]"
[DEBUG] 2024-05-18 19:11:16.204 [main] wire -  << "Vary: Cookie[\r][\n]"
[DEBUG] 2024-05-18 19:11:16.204 [main] wire -  << "X-Env: PRODUCTION[\r][\n]"
[DEBUG] 2024-05-18 19:11:16.204 [main] wire -  << "X-Version: 0.6.8[\r][\n]"
[DEBUG] 2024-05-18 19:11:16.204 [main] wire -  << "CF-Cache-Status: DYNAMIC[\r][\n]"
[DEBUG] 2024-05-18 19:11:16.204 [main] wire -  << "Report-To: {"endpoints":[{"url":"https:\/\/a.nel.cloudflare.com\/report\/v4?s=rCMRtxa%2ByCBsZj0Qdzc4FdFdzuoldA92%2BgDhncElrVykpycHNAPKvSiwXbmzRZahypMOGw8rEK21Inxv92qSaTgZJczv1tHP3TpXwt5hPqM3MBHii3UfBaWif5Thujw%3D"}],"group":"cf-nel","max_age":604800}[\r][\n]"
[DEBUG] 2024-05-18 19:11:16.204 [main] wire -  << "NEL: {"success_fraction":0,"report_to":"cf-nel","max_age":604800}[\r][\n]"
[DEBUG] 2024-05-18 19:11:16.204 [main] wire -  << "X-Frame-Options: DENY[\r][\n]"
[DEBUG] 2024-05-18 19:11:16.204 [main] wire -  << "Server: cloudflare[\r][\n]"
[DEBUG] 2024-05-18 19:11:16.205 [main] wire -  << "CF-RAY: 885d1f4109e511a1-MRS[\r][\n]"
[DEBUG] 2024-05-18 19:11:16.205 [main] wire -  << "[\r][\n]"
[DEBUG] 2024-05-18 19:11:16.205 [main] DefaultClientConnection - Receiving response: HTTP/1.1 201 Created
[DEBUG] 2024-05-18 19:11:16.205 [main] headers - << HTTP/1.1 201 Created
[DEBUG] 2024-05-18 19:11:16.205 [main] headers - << Date: Sat, 18 May 2024 16:11:16 GMT
[DEBUG] 2024-05-18 19:11:16.205 [main] headers - << Content-Type: application/json
[DEBUG] 2024-05-18 19:11:16.205 [main] headers - << Content-Length: 737
[DEBUG] 2024-05-18 19:11:16.205 [main] headers - << Connection: keep-alive
[DEBUG] 2024-05-18 19:11:16.205 [main] headers - << Access-Control-Allow-Credentials: true
[DEBUG] 2024-05-18 19:11:16.206 [main] headers - << Access-Control-Allow-Origin: https://cloud.dify.ai
[DEBUG] 2024-05-18 19:11:16.206 [main] headers - << Access-Control-Expose-Headers: X-Env, X-Version
[DEBUG] 2024-05-18 19:11:16.206 [main] headers - << Set-Cookie: remember_token=; Expires=Thu, 01 Jan 1970 00:00:00 GMT; Path=/
[DEBUG] 2024-05-18 19:11:16.206 [main] headers - << Vary: Cookie
[DEBUG] 2024-05-18 19:11:16.206 [main] headers - << X-Env: PRODUCTION
[DEBUG] 2024-05-18 19:11:16.206 [main] headers - << X-Version: 0.6.8
[DEBUG] 2024-05-18 19:11:16.206 [main] headers - << CF-Cache-Status: DYNAMIC
[DEBUG] 2024-05-18 19:11:16.206 [main] headers - << Report-To: {"endpoints":[{"url":"https:\/\/a.nel.cloudflare.com\/report\/v4?s=rCMRtxa%2ByCBsZj0Qdzc4FdFdzuoldA92%2BgDhncElrVykpycHNAPKvSiwXbmzRZahypMOGw8rEK21Inxv92qSaTgZJczv1tHP3TpXwt5hPqM3MBHii3UfBaWif5Thujw%3D"}],"group":"cf-nel","max_age":604800}
[DEBUG] 2024-05-18 19:11:16.206 [main] headers - << NEL: {"success_fraction":0,"report_to":"cf-nel","max_age":604800}
[DEBUG] 2024-05-18 19:11:16.206 [main] headers - << X-Frame-Options: DENY
[DEBUG] 2024-05-18 19:11:16.206 [main] headers - << Server: cloudflare
[DEBUG] 2024-05-18 19:11:16.206 [main] headers - << CF-RAY: 885d1f4109e511a1-MRS
[DEBUG] 2024-05-18 19:11:16.207 [main] RestAssuredHttpBuilder - Parsing response as: application/json
[DEBUG] 2024-05-18 19:11:16.207 [main] RestAssuredHttpBuilder - Parsed data to instance of: class org.apache.http.conn.EofSensorInputStream
[DEBUG] 2024-05-18 19:11:16.277 [main] wire -  << "{"id": "b007829c-a642-4268-a849-a81992256544", "name": "HI", "description": null, "provider": "vendor", "permission": "only_me", "data_source_type": null, "indexing_technique": null, "app_count": 0, "document_count": 0, "word_count": 0, "created_by": "8f425bf5-3156-4b95-a814-74016c9c01e4", "created_at": 1716048676, "updated_by": "8f425bf5-3156-4b95-a814-74016c9c01e4", "updated_at": 1716048676, "embedding_model": null, "embedding_model_provider": null, "embedding_available": null, "retrieval_model_dict": {"search_method": "semantic_search","
[DEBUG] 2024-05-18 19:11:16.278 [main] wire -  << " "reranking_enable": false, "reranking_model": {"reranking_provider_name": "", "reranking_model_name": ""}, "top_k": 2, "score_threshold_enabled": false, "score_threshold": null}, "tags": []}[\n]"
[DEBUG] 2024-05-18 19:11:16.278 [main] BasicClientConnectionManager - Releasing connection org.apache.http.impl.conn.ManagedClientConnectionImpl@50f6ecab
[DEBUG] 2024-05-18 19:11:16.279 [main] BasicClientConnectionManager - Connection can be kept alive indefinitely
[DEBUG] 2024-05-18 19:11:16.332 [main] cache - Couldn't find template in cache for "http-response.ftl"("en_US", UTF-8, parsed); will try to load it.
[DEBUG] 2024-05-18 19:11:16.333 [main] cache - TemplateLoader.findTemplateSource("http-response.ftl"): Found
[DEBUG] 2024-05-18 19:11:16.333 [main] cache - Loading template for "http-response.ftl"("en_US", UTF-8, parsed) from "jar:file:/C:/Users/Qebaa/.m2/repository/io/qameta/allure/allure-attachments/2.26.0/allure-attachments-2.26.0.jar!/tpl/http-response.ftl"
[INFO ] 2024-05-18 19:11:16.414 [main] ReportManager - Response status code: "201", status line: "HTTP/1.1 201 Created"
[INFO ] 2024-05-18 19:11:16.425 [main] ReportManager - Actual response status code "201" matches the expected one "201".
[INFO ] 2024-05-18 19:11:18.048 [] ReportManager - Engine Update check done for the day. ðŸ‘
[INFO ] 2024-05-18 19:11:18.055 [main] ReportManager - Request performed; POST | Target Status Code: 201 | Response Time: 4596ms.
[INFO ] 2024-05-18 19:11:18.074 [main] ReportManager - Successfully created attachment 'SHAFT Engine Logs - Current Method log: EmptyDataset'
[INFO ] 2024-05-18 19:11:18.076 [main] ReportManager - 
[0;7m------------------------------------------------------------------------------------------------------------------------------------------------
                                    Finished Execution of Test Method: 'DataSets.DataSetsTests.EmptyDataset'                                    
                                                              Test Status: 'Passed'                                                              
------------------------------------------------------------------------------------------------------------------------------------------------
[0m
[INFO ] 2024-05-18 19:11:18.115 [main] ReportManager - 
[0;7m------------------------------------------------------------------------------------------------------------------------------------------------
                                           Starting execution of engine tear down configuration method                                           
                                        'com.shaft.listeners.internal.ConfigurationHelper.engineTearDown'                                        
------------------------------------------------------------------------------------------------------------------------------------------------
[0m
[INFO ] 2024-05-18 19:11:18.118 [main] ReportManager - Successfully created attachment 'SHAFT Engine Logs - Execution log'
[INFO ] 2024-05-18 19:11:18.123 [main] ReportManager - Successfully created attachment 'SHAFT Engine Logs - Execution log: 20240518-191118'
[INFO ] 2024-05-18 19:11:18.130 [main] ReportManager - Successfully created attachment 'HTML - Checkpoints Report'
[INFO ] 2024-05-18 19:11:18.135 [main] ReportManager - Successfully created attachment 'SHAFT Engine Logs - Current Method log: engineTearDown'
[INFO ] 2024-05-18 19:11:18.159 [main] ReportManager - ===============================================
[INFO ] 2024-05-18 19:11:18.159 [main] ReportManager - Default Suite
[INFO ] 2024-05-18 19:11:18.159 [main] ReportManager - Total tests run: 1, Passes: 1, Failures: 0, Skips: 0
[INFO ] 2024-05-18 19:11:18.160 [main] ReportManager - ===============================================
[INFO ] 2024-05-18 19:11:18.170 [main] ReportManager - 
[0;7m------------------------------------------------------------------------------------------------------------------------------------------------
                                           This test run was powered by [1mSHAFT v.8.2.20240402[22m                                           
                               SHAFT [1;4mis and will always be 100% FREE[22;24m for commercial and private use                               
                                                   in compliance with the [1mMIT license[22m                                                   
                                   Visit SHAFT's user guide [4mhttps://shafthq.github.io/[24m to learn more                                   
------------------------------------------------------------------------------------------------------------------------------------------------
[0m
[INFO ] 2024-05-18 19:11:18.197 [main] ReportManager - Executing: "C:\Users\Qebaa\.m2\repository\allure\allure-2.26.0/bin/allure.bat generate --single-file --clean 'allure-results' -o 'C:\Users\Qebaa\AI Hub\target\allure-report'" locally.
[INFO ] 2024-05-18 19:11:18.268 [] ReportManager - 
[0;7m------------------------------------------------------------------------------------------------------------------------------------------------
                                                         Test Execution Summary Results                                                         
                                              Total Cases: 1 --> Passed: 1 | Failed: 0 | Skipped: 0                                              
------------------------------------------------------------------------------------------------------------------------------------------------
[0m
[INFO ] 2024-05-18 19:11:24.394 [main] ReportManager - Executing: ".\allure-report\2024-05-18_19-11-24-379_AllureReport.html" locally.
[INFO ] 2024-05-18 19:11:25.048 [main] ReportManager - Terminal Action "PerformTerminalCommands" successfully performed. With the following test data "Host Name: "localHost" | Command: ".\allure-report\2024-05-18_19-11-24-379_AllureReport.html" | Exit Status: "0"".
